<?xml version="1.0" encoding="UTF-8"?>
<!-- Generated by org.testng.reporters.JUnitReportReporter -->
<testsuite hostname="SheetalD" name="Scenarios.Suite.AppSuite.CountrySuite" tests="1" failures="0" timestamp="4 Dec 2020 10:29:48 GMT" time="1.326" errors="0">
  <testcase name="addCountry" time="1.326" classname="Scenarios.Suite.AppSuite.CountrySuite"/>
</testsuite> <!-- Scenarios.Suite.AppSuite.CountrySuite -->
