<?xml version="1.0" encoding="UTF-8"?>
<!-- Generated by org.testng.reporters.JUnitReportReporter -->
<testsuite hostname="SheetalD" name="Scenarios.Suite.AppSuite.StateSuite" tests="2" failures="0" timestamp="4 Dec 2020 07:54:58 GMT" time="2.480" errors="0">
  <testcase name="NavigateToCountryMaster" time="1.742" classname="Scenarios.Suite.AppSuite.StateSuite"/>
  <testcase name="addState" time="0.738" classname="Scenarios.Suite.AppSuite.StateSuite"/>
</testsuite> <!-- Scenarios.Suite.AppSuite.StateSuite -->
