<?xml version="1.0" encoding="UTF-8"?>
<!-- Generated by org.testng.reporters.JUnitReportReporter -->
<testsuite hostname="SheetalD" name="Distro.LPDnD.CountryConfiguration" tests="3" failures="0" timestamp="26 Nov 2020 08:22:57 GMT" time="2.419" errors="0">
  <testcase name="addCountry" time="0.480" classname="Distro.LPDnD.CountryConfiguration"/>
  <testcase name="deleteCountry" time="0.133" classname="Distro.LPDnD.CountryConfiguration"/>
  <testcase name="NavigateToCountryMaster" time="1.806" classname="Distro.LPDnD.CountryConfiguration"/>
</testsuite> <!-- Distro.LPDnD.CountryConfiguration -->
