<?xml version="1.0" encoding="UTF-8"?>
<!-- Generated by org.testng.reporters.JUnitReportReporter -->
<testsuite hostname="SheetalD" name="Scenarios.Suite.AppSuite.StateSuite" tests="1" failures="0" timestamp="4 Dec 2020 10:57:24 GMT" time="2.260" errors="0">
  <testcase name="addState" time="2.260" classname="Scenarios.Suite.AppSuite.StateSuite"/>
</testsuite> <!-- Scenarios.Suite.AppSuite.StateSuite -->
